<?xml version="1.0" encoding="UTF-8"?>
<!-- Generated by org.testng.reporters.JUnitXMLReporter -->
<testsuite hostname="IN5CG840558Z" ignored="0" name="Test" tests="4" failures="0" timestamp="06 Apr 2020 05:29:01 GMT" time="66.833" errors="0">
  <testcase name="TC01" time="18.12" classname="com.google.pages.GoogleSearchTC1"/>
  <testcase name="TC01" time="17.247" classname="com.google.pages.GoogleSearchTC2"/>
  <testcase name="TC01" time="14.921" classname="com.google.pages.GoogleSearchTC3"/>
  <testcase name="TC01" time="16.497" classname="com.google.pages.GoogleSearchTC4"/>
</testsuite> <!-- Test -->
