<?xml version="1.0" encoding="UTF-8"?>
<!-- Generated by org.testng.reporters.JUnitXMLReporter -->
<testsuite hostname="IN5CG840558Z" ignored="0" name="Test" tests="4" failures="0" timestamp="06 Apr 2020 04:59:53 GMT" time="55.586" errors="0">
  <testcase name="TC01" time="14.518" classname="com.google.pages.GoogleSearchTC1"/>
  <testcase name="TC01" time="14.298" classname="com.google.pages.GoogleSearchTC2"/>
  <testcase name="TC01" time="14.245" classname="com.google.pages.GoogleSearchTC3"/>
  <testcase name="TC01" time="12.495" classname="com.google.pages.GoogleSearchTC4"/>
</testsuite> <!-- Test -->
