<?xml version="1.0" encoding="UTF-8"?>
<testng-results skipped="0" failed="0" ignored="0" total="3" passed="3">
  <reporter-output>
  </reporter-output>
  <suite name="Suite" duration-ms="44384" started-at="2020-03-31T15:10:15Z" finished-at="2020-03-31T15:10:59Z">
    <groups>
    </groups>
    <test name="Test" duration-ms="44384" started-at="2020-03-31T15:10:15Z" finished-at="2020-03-31T15:10:59Z">
      <class name="com.google.pages.GoogleSearchTC3">
        <test-method status="PASS" signature="TC01()[pri:0, instance:com.google.pages.GoogleSearchTC3@6a5fc7f7]" name="TC01" duration-ms="13770" started-at="2020-03-31T20:40:46Z" finished-at="2020-03-31T20:40:59Z">
          <reporter-output>
          </reporter-output>
        </test-method> <!-- TC01 -->
      </class> <!-- com.google.pages.GoogleSearchTC3 -->
      <class name="com.google.pages.GoogleSearchTC2">
        <test-method status="PASS" signature="TC01()[pri:0, instance:com.google.pages.GoogleSearchTC2@5594a1b5]" name="TC01" duration-ms="14277" started-at="2020-03-31T20:40:31Z" finished-at="2020-03-31T20:40:46Z">
          <reporter-output>
          </reporter-output>
        </test-method> <!-- TC01 -->
      </class> <!-- com.google.pages.GoogleSearchTC2 -->
      <class name="com.google.pages.GoogleSearchTC1">
        <test-method status="PASS" signature="TC01()[pri:0, instance:com.google.pages.GoogleSearchTC1@2133c8f8]" name="TC01" duration-ms="16285" started-at="2020-03-31T20:40:15Z" finished-at="2020-03-31T20:40:31Z">
          <reporter-output>
          </reporter-output>
        </test-method> <!-- TC01 -->
      </class> <!-- com.google.pages.GoogleSearchTC1 -->
    </test> <!-- Test -->
  </suite> <!-- Suite -->
</testng-results>
