<?xml version="1.0" encoding="UTF-8"?>
<testng-results skipped="0" failed="0" ignored="0" total="4" passed="4">
  <reporter-output>
  </reporter-output>
  <suite name="Suite" duration-ms="55586" started-at="2020-04-06T04:58:57Z" finished-at="2020-04-06T04:59:53Z">
    <groups>
    </groups>
    <test name="Test" duration-ms="55586" started-at="2020-04-06T04:58:57Z" finished-at="2020-04-06T04:59:53Z">
      <class name="com.google.pages.GoogleSearchTC4">
        <test-method status="PASS" signature="TC01()[pri:0, instance:com.google.pages.GoogleSearchTC4@1e643faf]" name="TC01" duration-ms="12495" started-at="2020-04-06T10:29:40Z" finished-at="2020-04-06T10:29:53Z">
          <reporter-output>
          </reporter-output>
        </test-method> <!-- TC01 -->
      </class> <!-- com.google.pages.GoogleSearchTC4 -->
      <class name="com.google.pages.GoogleSearchTC3">
        <test-method status="PASS" signature="TC01()[pri:0, instance:com.google.pages.GoogleSearchTC3@3b6eb2ec]" name="TC01" duration-ms="14245" started-at="2020-04-06T10:29:26Z" finished-at="2020-04-06T10:29:40Z">
          <reporter-output>
          </reporter-output>
        </test-method> <!-- TC01 -->
      </class> <!-- com.google.pages.GoogleSearchTC3 -->
      <class name="com.google.pages.GoogleSearchTC2">
        <test-method status="PASS" signature="TC01()[pri:0, instance:com.google.pages.GoogleSearchTC2@6a5fc7f7]" name="TC01" duration-ms="14298" started-at="2020-04-06T10:29:12Z" finished-at="2020-04-06T10:29:26Z">
          <reporter-output>
          </reporter-output>
        </test-method> <!-- TC01 -->
      </class> <!-- com.google.pages.GoogleSearchTC2 -->
      <class name="com.google.pages.GoogleSearchTC1">
        <test-method status="PASS" signature="TC01()[pri:0, instance:com.google.pages.GoogleSearchTC1@43a25848]" name="TC01" duration-ms="14518" started-at="2020-04-06T10:28:57Z" finished-at="2020-04-06T10:29:12Z">
          <reporter-output>
          </reporter-output>
        </test-method> <!-- TC01 -->
      </class> <!-- com.google.pages.GoogleSearchTC1 -->
    </test> <!-- Test -->
  </suite> <!-- Suite -->
</testng-results>
